<?xml version="1.0" encoding="UTF-8"?>
<!-- Generated by org.testng.reporters.JUnitReportReporter -->
<testsuite skipped="0" hostname="DESKTOP-O3E0A86" name="UserTestCases.GetApiTests" tests="1" failures="0" timestamp="2020-06-23T07:56:39 IST" time="3.026" errors="0">
  <testcase name="getAPITest001" time="3.026" classname="UserTestCases.GetApiTests"/>
  <system-out/>
</testsuite> <!-- UserTestCases.GetApiTests -->
