<?xml version="1.0" encoding="UTF-8"?>
<!-- Generated by org.testng.reporters.JUnitReportReporter -->
<testsuite skipped="0" hostname="DESKTOP-O3E0A86" name="UserTestCases.GetSingleUserTests" tests="1" failures="0" timestamp="2020-06-23T16:26:31 IST" time="2.603" errors="0">
  <testcase name="getAPITest001" time="2.603" classname="UserTestCases.GetSingleUserTests"/>
  <system-out/>
</testsuite> <!-- UserTestCases.GetSingleUserTests -->
