<?xml version="1.0" encoding="UTF-8"?>
<!-- Generated by org.testng.reporters.JUnitReportReporter -->
<testsuite skipped="0" hostname="DESKTOP-O3E0A86" name="Base.BaseTest" tests="1" failures="0" timestamp="2020-06-23T18:19:56 IST" time="0.003" errors="0">
  <testcase name="uri" time="0.003" classname="Base.BaseTest"/>
  <system-out/>
</testsuite> <!-- Base.BaseTest -->
