<?xml version="1.0" encoding="UTF-8"?>
<!-- Generated by org.testng.reporters.JUnitReportReporter -->
<testsuite skipped="0" hostname="DESKTOP-O3E0A86" name="UserTestCases.GetComments" tests="3" failures="0" timestamp="2020-06-25T06:16:24 IST" time="0.044" errors="0">
  <testcase name="validateResponseBody" time="0.040" classname="UserTestCases.GetComments"/>
  <system-out/>
  <testcase name="validateResponseTime" time="0.002" classname="UserTestCases.GetComments"/>
  <system-out/>
  <testcase name="validateStatusCode" time="0.002" classname="UserTestCases.GetComments"/>
  <system-out/>
</testsuite> <!-- UserTestCases.GetComments -->
