<?xml version="1.0" encoding="UTF-8"?>
<!-- Generated by org.testng.reporters.JUnitReportReporter -->
<testsuite skipped="0" hostname="DESKTOP-O3E0A86" name="UserTestCases.PostSingleUserUsingPOJO" tests="1" failures="0" timestamp="2020-06-25T10:29:37 IST" time="0.023" errors="0">
  <testcase name="validateStatusCode" time="0.023" classname="UserTestCases.PostSingleUserUsingPOJO"/>
  <system-out/>
</testsuite> <!-- UserTestCases.PostSingleUserUsingPOJO -->
