<?xml version="1.0" encoding="UTF-8"?>
<!-- Generated by org.testng.reporters.JUnitReportReporter -->
<testsuite skipped="0" hostname="DESKTOP-O3E0A86" name="UserTestCases.GetMultiUserTest" tests="3" failures="0" timestamp="2020-06-25T09:06:14 IST" time="0.632" errors="0">
  <testcase name="validateResponseCode" time="0.002" classname="UserTestCases.GetMultiUserTest"/>
  <system-out/>
  <testcase name="validateResponseHeader" time="0.003" classname="UserTestCases.GetMultiUserTest"/>
  <system-out/>
  <testcase name="validateResponseBody" time="0.627" classname="UserTestCases.GetMultiUserTest"/>
  <system-out/>
</testsuite> <!-- UserTestCases.GetMultiUserTest -->
