<?xml version="1.0" encoding="UTF-8"?>
<!-- Generated by org.testng.reporters.JUnitReportReporter -->
<testsuite skipped="0" hostname="DESKTOP-O3E0A86" name="UserTestCases.PostSingleUser" tests="1" failures="0" timestamp="2020-06-24T18:13:22 IST" time="0.002" errors="0">
  <testcase name="validateStatusCode" time="0.002" classname="UserTestCases.PostSingleUser"/>
  <system-out/>
</testsuite> <!-- UserTestCases.PostSingleUser -->
