<?xml version="1.0" encoding="UTF-8"?>
<!-- Generated by org.testng.reporters.JUnitReportReporter -->
<testsuite skipped="0" hostname="DESKTOP-O3E0A86" name="UserTestCases.GetMultiUserTest" tests="1" failures="0" timestamp="2020-06-23T20:59:04 IST" time="2.740" errors="0">
  <testcase name="getAPITest002" time="2.740" classname="UserTestCases.GetMultiUserTest"/>
  <system-out/>
</testsuite> <!-- UserTestCases.GetMultiUserTest -->
